app/build/intermediates/manifest_merge_blame_file/debug/manifest-merger-blame-debug-report.txt
1<?xml version="1.0" encoding="utf-8"?>
2<manifest xmlns:android="http://schemas.android.com/apk/res/android"
3    package="com.plcoding.mvvmtodoapp"
4    android:versionCode="1"
5    android:versionName="1.0" >
6
7    <uses-sdk
8        android:minSdkVersion="26"
8-->src\main\AndroidManifest.xml
9        android:targetSdkVersion="31" />
9-->src\main\AndroidManifest.xml
10
11    <application
11-->src\main\AndroidManifest.xml:6:5-28:19
12        android:name="com.example.noteapp.TodoApp"
12-->src\main\AndroidManifest.xml:7:9-32
13        android:allowBackup="true"
13-->src\main\AndroidManifest.xml:8:9-35
14        android:appComponentFactory="androidx.core.app.CoreComponentFactory"
14-->[androidx.core:core:1.7.0] AndroidManifest.xml:24:18-86
15        android:dataExtractionRules="@xml/data_extraction_rules"
15-->src\main\AndroidManifest.xml:9:9-65
16        android:debuggable="true"
17        android:extractNativeLibs="false"
18        android:fullBackupContent="@xml/backup_rules"
18-->src\main\AndroidManifest.xml:10:9-54
19        android:icon="@drawable/note123"
19-->src\main\AndroidManifest.xml:11:9-41
20        android:label="@string/app_name"
20-->src\main\AndroidManifest.xml:12:9-41
21        android:roundIcon="@drawable/note123"
21-->src\main\AndroidManifest.xml:13:9-46
22        android:supportsRtl="true"
22-->src\main\AndroidManifest.xml:14:9-35
23        android:theme="@style/Theme.NoteApp" >
23-->src\main\AndroidManifest.xml:15:9-45
24        <activity
24-->src\main\AndroidManifest.xml:17:9-27:20
25            android:name="com.example.noteapp.MainActivity"
25-->src\main\AndroidManifest.xml:18:13-41
26            android:exported="true"
26-->src\main\AndroidManifest.xml:19:13-36
27            android:label="@string/app_name"
27-->src\main\AndroidManifest.xml:20:13-45
28            android:theme="@style/Theme.NoteApp" >
28-->src\main\AndroidManifest.xml:21:13-49
29            <intent-filter>
29-->src\main\AndroidManifest.xml:22:13-26:29
30                <action android:name="android.intent.action.MAIN" />
30-->src\main\AndroidManifest.xml:23:17-69
30-->src\main\AndroidManifest.xml:23:25-66
31
32                <category android:name="android.intent.category.LAUNCHER" />
32-->src\main\AndroidManifest.xml:25:17-77
32-->src\main\AndroidManifest.xml:25:27-74
33            </intent-filter>
34        </activity>
35        <activity
35-->[androidx.compose.ui:ui-tooling:1.0.5] AndroidManifest.xml:25:9-27:39
36            android:name="androidx.compose.ui.tooling.PreviewActivity"
36-->[androidx.compose.ui:ui-tooling:1.0.5] AndroidManifest.xml:26:13-71
37            android:exported="true" />
37-->[androidx.compose.ui:ui-tooling:1.0.5] AndroidManifest.xml:27:13-36
38
39        <service
39-->[androidx.room:room-runtime:2.3.0] AndroidManifest.xml:25:9-28:40
40            android:name="androidx.room.MultiInstanceInvalidationService"
40-->[androidx.room:room-runtime:2.3.0] AndroidManifest.xml:26:13-74
41            android:directBootAware="true"
41-->[androidx.room:room-runtime:2.3.0] AndroidManifest.xml:27:13-43
42            android:exported="false" />
42-->[androidx.room:room-runtime:2.3.0] AndroidManifest.xml:28:13-37
43
44        <provider
44-->[androidx.emoji2:emoji2:1.0.0] AndroidManifest.xml:26:9-34:20
45            android:name="androidx.startup.InitializationProvider"
45-->[androidx.emoji2:emoji2:1.0.0] AndroidManifest.xml:27:13-67
46            android:authorities="com.plcoding.mvvmtodoapp.androidx-startup"
46-->[androidx.emoji2:emoji2:1.0.0] AndroidManifest.xml:28:13-68
47            android:exported="false" >
47-->[androidx.emoji2:emoji2:1.0.0] AndroidManifest.xml:29:13-37
48            <meta-data
48-->[androidx.emoji2:emoji2:1.0.0] AndroidManifest.xml:31:13-33:52
49                android:name="androidx.emoji2.text.EmojiCompatInitializer"
49-->[androidx.emoji2:emoji2:1.0.0] AndroidManifest.xml:32:17-75
50                android:value="androidx.startup" />
50-->[androidx.emoji2:emoji2:1.0.0] AndroidManifest.xml:33:17-49
51            <meta-data
51-->[androidx.profileinstaller:profileinstaller:1.0.4] AndroidManifest.xml:31:13-33:52
52                android:name="androidx.profileinstaller.ProfileInstallerInitializer"
52-->[androidx.profileinstaller:profileinstaller:1.0.4] AndroidManifest.xml:32:17-85
53                android:value="androidx.startup" />
53-->[androidx.profileinstaller:profileinstaller:1.0.4] AndroidManifest.xml:33:17-49
54            <meta-data
54-->[androidx.lifecycle:lifecycle-process:2.4.0] AndroidManifest.xml:31:13-33:52
55                android:name="androidx.lifecycle.ProcessLifecycleInitializer"
55-->[androidx.lifecycle:lifecycle-process:2.4.0] AndroidManifest.xml:32:17-78
56                android:value="androidx.startup" />
56-->[androidx.lifecycle:lifecycle-process:2.4.0] AndroidManifest.xml:33:17-49
57        </provider>
58
59        <receiver
59-->[androidx.profileinstaller:profileinstaller:1.0.4] AndroidManifest.xml:36:9-45:20
60            android:name="androidx.profileinstaller.ProfileInstallReceiver"
60-->[androidx.profileinstaller:profileinstaller:1.0.4] AndroidManifest.xml:37:13-76
61            android:directBootAware="false"
61-->[androidx.profileinstaller:profileinstaller:1.0.4] AndroidManifest.xml:38:13-44
62            android:enabled="true"
62-->[androidx.profileinstaller:profileinstaller:1.0.4] AndroidManifest.xml:39:13-35
63            android:exported="true"
63-->[androidx.profileinstaller:profileinstaller:1.0.4] AndroidManifest.xml:40:13-36
64            android:permission="android.permission.DUMP" >
64-->[androidx.profileinstaller:profileinstaller:1.0.4] AndroidManifest.xml:41:13-57
65            <intent-filter>
65-->[androidx.profileinstaller:profileinstaller:1.0.4] AndroidManifest.xml:42:13-44:29
66                <action android:name="androidx.profileinstaller.action.INSTALL_PROFILE" />
66-->[androidx.profileinstaller:profileinstaller:1.0.4] AndroidManifest.xml:43:17-91
66-->[androidx.profileinstaller:profileinstaller:1.0.4] AndroidManifest.xml:43:25-88
67            </intent-filter>
68        </receiver>
69    </application>
70
71</manifest>